TN:
SF:app\__init__.py
DA:1,1,o7XN3CMj67n397EmDP0M3w
DA:3,1,0etiYSwY6wPo45eN1WTgyg
DA:6,1,wWllhXevEbe/3I9nIX6vrw
DA:7,1,IW53RBrFzhmwkndyfzWbOw
DA:8,1,uxIazz1fSpia3f4HDLhREg
DA:9,1,gE1Lbj0xMhD06J0MAgONbw
DA:12,1,w7WYgsypHZXV2pWouAi57w
DA:13,1,/TtfNZ8HGgiFFYC79DiMVw
DA:14,1,0yfn2rpvRJdqKFCUILMVyg
DA:16,1,9U1CS5cTQAGKrnP/40I6cQ
DA:17,1,nc+/6acEsEHz4E8vBYO6sQ
DA:18,1,paFtJen7Gd7oAIOLm82MMA
DA:21,1,9VMrqnzvPYJJLG4u5FSUTA
DA:22,1,ty6TRfYLUE+pxTQR8TumpA
DA:23,1,sWgZAMw7wLUN6UYhaRuWBA
DA:24,1,m0oVF9cXLu/uxcRUpCS5NA
DA:27,1,lftbPgfcG9TIRPx9jzSqew
DA:28,1,S5KdFpQCDZNCtrb2HZt4XQ
DA:29,1,HXjgD0v/N9nEe26H14tWdA
DA:32,1,62ejdJcsjbCk7t3weMsvKg
DA:33,1,ASkkxEjKD9xlcJv94JQikQ
DA:34,1,oHumypmSuuifviGd6Br3fg
DA:35,1,Vh3OjJ6AoO+6pZcP6rSNPQ
DA:36,1,uGw/QJipEoGPO1hTVq30eA
DA:38,1,gE1Lbj0xMhD06J0MAgONbw
DA:41,1,cloxJfsbAGLedJ4ma8l7UQ
LF:26
LH:26
end_of_record
TN:
SF:app\common\http_methods.py
DA:1,1,bJnxupNbFgpc2XfcVqf7XQ
DA:2,1,afB6LTlBYr5h4wfzyIRUUA
DA:3,1,omeNuXQbFhq239hU+xCyiQ
LF:3
LH:3
end_of_record
TN:
SF:app\common\utils.py
DA:2,1,eBsfxTp4upkCobze04h8RQ
DA:3,1,XRdKZg3RWorVRGM4PdSbxA
LF:2
LH:2
end_of_record
TN:
SF:app\controllers\__init__.py
DA:1,1,m49FGEtycn3vXqkDt8FiLQ
DA:2,1,kl52ivLJoKVm3Ew7SCHQBw
DA:3,1,5/m/iQvYCBrv4PJvY9CUQw
DA:4,1,i+6i1zUzhTlP8S7jG6H4rA
DA:5,1,ffwRF366OVzZsQe/dwXWJA
DA:6,1,4swX85mcwIwYfbOFqGF7VA
LF:6
LH:6
end_of_record
TN:
SF:app\controllers\base.py
DA:1,1,GLXA36jlrAA2QUYzzXicDA
DA:2,1,ZBuURFYjqBZc5UQjkSAzFQ
DA:3,1,NITiL1FKd3wYJgOIFBmkmQ
DA:6,1,2pzMsfxuu+f5HNLy0LpCAw
DA:7,1,Sb9RXM5e4kQx3QSnx0s/NA
DA:9,1,Nnqu9X+lU2lagW39QNhFWA
DA:10,1,rA4vGikjgaRGhKwGtlRtUw
DA:11,1,xjcDBnSwra0OiNOAYAwoHA
DA:12,1,trlAvVoYcJ4oqFZqpFkofg
DA:16,1,Nnqu9X+lU2lagW39QNhFWA
DA:17,1,LMcdki2e54ZVtzMT+5gD/g
DA:18,1,xjcDBnSwra0OiNOAYAwoHA
DA:19,1,+dfSCaAnBmgv6ucuaj5dJQ
DA:23,1,Nnqu9X+lU2lagW39QNhFWA
DA:24,1,DsA5frveJyvMbo0aP4Iblw
DA:30,1,Nnqu9X+lU2lagW39QNhFWA
DA:31,1,SMdzccAFMrdW6hjbRiQNNg
DA:32,1,xjcDBnSwra0OiNOAYAwoHA
DA:33,1,O2JZGkIJA1JB4VWHeIrMEQ
DA:37,1,Nnqu9X+lU2lagW39QNhFWA
DA:38,1,6rgupkjF4KhVNrdh3wRi3A
DA:39,1,xjcDBnSwra0OiNOAYAwoHA
DA:40,1,ZrmWUBwbKt5HjV8SI3tMWg
DA:41,1,JyVKUryDQMmlk+DUyIqxNQ
DA:43,1,FXC3utmRuIVHQZRbXL0NdA
DA:13,0,bNAsChMBz6oQJ6mb2etipw
DA:14,0,V50oIPRQ0yMFm/cRelgsaQ
DA:20,0,bNAsChMBz6oQJ6mb2etipw
DA:21,0,V50oIPRQ0yMFm/cRelgsaQ
DA:25,0,xjcDBnSwra0OiNOAYAwoHA
DA:26,0,E8mWJzeiroVDU+x9XwTYLQ
DA:27,0,bNAsChMBz6oQJ6mb2etipw
DA:28,0,V50oIPRQ0yMFm/cRelgsaQ
DA:34,0,bNAsChMBz6oQJ6mb2etipw
DA:35,0,V50oIPRQ0yMFm/cRelgsaQ
DA:42,0,IJqX+9zmFrx+4xX14U8BqQ
DA:44,0,bNAsChMBz6oQJ6mb2etipw
DA:45,0,V50oIPRQ0yMFm/cRelgsaQ
LF:38
LH:25
end_of_record
TN:
SF:app\controllers\beverage.py
DA:1,1,TbRF+9nefM9lQVd4VftldQ
DA:2,1,R0jntLDMHxzSV9vNAZNoRA
DA:5,1,ShaRClCOwY7eUucMFM8+RA
DA:6,1,MJp73IbwuNSDm0X7Uau0nw
LF:4
LH:4
end_of_record
TN:
SF:app\controllers\index.py
DA:1,1,0hwKoLJOBNjwQBXENlLfmg
DA:2,1,ZBuURFYjqBZc5UQjkSAzFQ
DA:4,1,8PPxL45qqTXD5cIOlekUMQ
DA:7,1,Omie/0Mcl6iRH5OOOjslkg
DA:9,1,KxgaGtJPkScc4OG7mJ59vg
DA:10,1,PSVUeCuZQKQ5kF5Rlh9ZHA
DA:11,0,xjcDBnSwra0OiNOAYAwoHA
DA:12,0,nWK2EuEgAcA5sWO5jHp8xA
DA:13,0,3IcAhHKsploQn23qr+7gYw
DA:14,0,bNAsChMBz6oQJ6mb2etipw
DA:15,0,eEH0aPsXDQeWqtXijvakIA
LF:11
LH:6
end_of_record
TN:
SF:app\controllers\ingredient.py
DA:1,1,ogcx5XT56WrJqqfODyweYQ
DA:2,1,R0jntLDMHxzSV9vNAZNoRA
DA:5,1,TP1OjY96hh+hftKk5wOyHg
DA:6,1,fhubPvLyGXaexWyYRk+ggw
LF:4
LH:4
end_of_record
TN:
SF:app\controllers\order.py
DA:1,1,ZBuURFYjqBZc5UQjkSAzFQ
DA:3,1,cLO3VIGZraA4OPKbt4eW0A
DA:4,1,eYcq02RkoDRBdr1cNpFMgg
DA:7,1,R0jntLDMHxzSV9vNAZNoRA
DA:10,1,I8PpyMGczGkwWrHLAvMJoQ
DA:11,1,yyNXngiFi3an/x093GibfQ
DA:12,1,D5Jjw+FWl3QZIcjfD1z4RA
DA:14,1,KxgaGtJPkScc4OG7mJ59vg
DA:15,1,6GpQj3BLoWxvjPiayImlTA
DA:16,1,ZR9KcljygcnOvKlT9yfLdg
DA:19,1,Pus7OPhsPJ+OATKg+POBcA
DA:21,1,Nnqu9X+lU2lagW39QNhFWA
DA:22,1,byxtMvFn0+SOROxI3rWVKA
DA:23,1,bkWP7eDXbXSreTTu/Xz3Yw
DA:24,1,4ZK30oJLmvwzshlbX5fXwQ
DA:27,1,uGKdfj7I9oEjlY9Ae7wdCw
DA:28,1,TO4m4NQqBONWwag3gBwKag
DA:30,1,NyuO8Ntt1XabuXwSXmr0nA
DA:33,1,jKdTr+cPmuLyzpsVGUMqKw
DA:34,1,VRz7CSGuSOXkvyCHRVBrQw
DA:35,1,xjcDBnSwra0OiNOAYAwoHA
DA:36,1,/BRHKBOOMdAWN9haOT8Ygw
DA:37,1,JmGf1OW5eDtqjg0uTZ+bXw
DA:38,1,aZ3dJO7VE3lCaX+A/KAg/Q
DA:39,1,l/U6hrSZRV2b++FDz627mg
DA:40,1,PrAqZcqfXD/PUKEdyXKf5g
DA:44,1,Nnqu9X+lU2lagW39QNhFWA
DA:45,1,1kYdq7Qusc4WEQR3Suh10A
DA:48,1,Nnqu9X+lU2lagW39QNhFWA
DA:49,1,PthjJ89Y9n0WhTIl1qH9EQ
DA:52,1,Nnqu9X+lU2lagW39QNhFWA
DA:53,1,kr1MKTl5z7aWkkfNAu7+nw
DA:25,0,wNFcdXQOJYizl+7n6O3qRQ
DA:31,0,maa5hv5GI1xrLwXX/0rEaw
DA:41,0,bNAsChMBz6oQJ6mb2etipw
DA:42,0,V50oIPRQ0yMFm/cRelgsaQ
DA:46,0,J0TWGJJ1tHfVYtPUELvQtQ
DA:50,0,upAAtYDI/vYHsCLMDs8Lvw
DA:54,0,1oipybUfQUemF2n+7FjBAQ
LF:39
LH:32
end_of_record
TN:
SF:app\controllers\report.py
DA:1,1,K+7odDI2s4hfolX4xl94GA
DA:2,1,R0jntLDMHxzSV9vNAZNoRA
DA:5,1,ZvqhKdppyG97Cd7nITQVrg
DA:6,1,yyNXngiFi3an/x093GibfQ
LF:4
LH:4
end_of_record
TN:
SF:app\controllers\size.py
DA:1,1,zVKMdmxgRBr5Rv1/uIgR9g
DA:2,1,R0jntLDMHxzSV9vNAZNoRA
DA:5,1,XuHcd4ijHLiJHOgJ6rTe/Q
DA:6,1,g4q6+8Eykc7n8B7BWFvYqg
LF:4
LH:4
end_of_record
TN:
SF:app\factories\__init__.py
DA:1,1,1B2M2Y8AsgTpgAmY7PhCfg
LF:0
LH:1
end_of_record
TN:
SF:app\factories\factories.py
DA:1,1,AwpGUILSjGu34WAr6c5fRA
DA:2,1,WpEjgxacqgxANZhpobgHYQ
DA:3,1,Urnw3jBmoOuiZVyZ4mD5Ow
DA:4,1,A4CKxxuy7SZHjBJg3BhyiQ
DA:6,1,COU5mmOcpDvrDjUlpt27Pw
DA:7,1,NcueZizX4Fm5AGvV0PDbEA
DA:9,1,JA4iIEpQ8Ai3AGiMzR8Kfw
DA:11,1,7vw1LPLaumuSpMk0CE6xrA
DA:14,1,JYS4iBv6qGWSh09nqI0Sgw
DA:15,0,nM469GYsrG2mVyXJMicW4Q
DA:16,0,eOh4GhAEspqaGpE84g9Bvw
DA:22,0,WEkqLVKfI3pf1ElftmOQfg
DA:23,0,LpbZyUODQ706yp3oTnnSXA
DA:29,0,XLQYI/z/R/cPprpA/VXcFw
DA:31,0,xK4NuH7fKyWou/FipIiUgw
DA:37,0,qE3l7jLvyFu/YPBWr1dyuA
DA:39,0,XmJj2KnxoMUzuEZV1nz27A
DA:51,0,1rB9Qa82GXoxqegpi8/msA
DA:52,0,I+yW8B132BXUxEXAMqemEg
DA:53,0,rQJKmVr10ZTnXGBSnl31/Q
DA:62,0,8WvmsYOzx+5Awmlq7MpJ4A
DA:63,0,1pyUKMvbIBQjZPIVAf6WFg
LF:22
LH:9
end_of_record
TN:
SF:app\plugins.py
DA:1,1,/KDzRGaEJmCgTCG4PuDKJQ
DA:2,1,2N8AI+40lCecO5NB8T4XPA
DA:4,1,DcezkdWAet1uH6gigbdF1Q
DA:5,1,YFkHISVxazuKOg7o9DCpFQ
LF:4
LH:4
end_of_record
TN:
SF:app\repositories\__init__.py
DA:1,1,1B2M2Y8AsgTpgAmY7PhCfg
LF:0
LH:1
end_of_record
TN:
SF:app\repositories\managers.py
DA:1,1,MZCveVcRtb9mi8Qg6X4PbQ
DA:2,1,oIE6apmEFnoPrSyJYQ04wQ
DA:3,1,ml1t8Wvw714+lnlXiwLJ4g
DA:4,1,uyOiErdifqbwK2iMRHnXyQ
DA:8,1,KTlE5jrAv5rVVTsyv0svhA
DA:9,1,AGp7WtXmgbgim62r8JViBg
DA:10,1,xWOlcmQ1mE+oGN4kYRXfFg
DA:11,1,0zqokP/5/SZrykOOMPLymQ
DA:13,1,Nnqu9X+lU2lagW39QNhFWA
DA:14,1,dbSY+gT/ul/PmMpCxReYgg
DA:15,1,wt8DTknnzwi6/Xq31rAmkg
DA:16,1,kS6AURMscSBGFA+5BEWp9A
DA:17,1,M9+H72gKToNalnqglnuWpw
DA:18,1,cPa3dAsIk+eSRfSpgwNsyg
DA:20,1,Nnqu9X+lU2lagW39QNhFWA
DA:21,1,pZLG0HgwTn4oB08Vn5Y7Yg
DA:22,1,0WMN4Z+qO34X16Q/khCcVg
DA:23,1,P8/oMuQFngsvPpGDK7cWXw
DA:25,1,Nnqu9X+lU2lagW39QNhFWA
DA:26,1,/TkTimalPfLO05XW/CVhmA
DA:28,1,qDF4wR4m7m12u8yEVSjJTA
DA:30,1,57a8jXDr4pF0Du5X7LLSew
DA:32,1,Nnqu9X+lU2lagW39QNhFWA
DA:33,1,byxtMvFn0+SOROxI3rWVKA
DA:34,1,9sIzNiHPwf2JU1xMIiHmFg
DA:35,1,zIUzK1uD382P6atFjlpRfg
DA:36,1,ibrNIDLaCqV3YkNG5I5ojA
DA:37,1,f5nZ+b1JQCR16C+zkD28cA
DA:38,1,p1vyXXJrnTQknQoYJq+D5A
DA:40,1,Nnqu9X+lU2lagW39QNhFWA
DA:41,1,LZMCy9fyYLhKWoJVGFujsQ
DA:42,1,T5MubHWlOj+IyoSoagzs1Q
DA:43,1,f5nZ+b1JQCR16C+zkD28cA
DA:44,1,qvPXf4XMo1z2Cii0V8gTmQ
DA:47,1,mzzX4SXvMMCHHbsNwHX4Mw
DA:48,1,wcdRAWxRApT/bX3lIzmFKA
DA:49,1,Ue3w5lUrMfBqQvR7PFUz1g
DA:52,1,niPQ1X+PfNKZpcTh+5wd4g
DA:53,1,p9qIvE1rlA5FfyYPgfI5Eg
DA:54,1,7WrEO48vwmpByh0Y5BaOSw
DA:57,1,bD7XOEsvtTgzOQDzQYGU9A
DA:58,1,vOaSNvdHvj3TNXg+sHki6g
DA:59,1,AvQlbTkVu4v7LEUnZhF/9A
DA:62,1,U29z+79mllVBiIMJQjjM/A
DA:63,1,Q6oG17vt39qCxq/eHMe6nQ
DA:64,1,wwLMnNKfmF3bcBykk+dACg
DA:67,1,Nnqu9X+lU2lagW39QNhFWA
DA:68,1,f8bGOobRBOMYAfqtPH1ycQ
DA:69,1,IXi8nSgDQ8i72b5O3KQofg
DA:70,1,Ui8cC/c0zIPj0yQYV9m3fg
DA:71,1,vHFZbvm7auJZtZpivVMaIg
DA:72,1,MJgMV1o4Z0zYS15vcbbgjA
DA:73,1,ck8jHPP9ow5l3m5kwO49Og
DA:81,1,WYU09qshB/BaZzyIHfZuXg
DA:87,1,yMttz96qz7W+8onyPIYlNg
DA:88,1,f5nZ+b1JQCR16C+zkD28cA
DA:89,1,83A2W4/e8zSX/735AZDSFA
DA:91,1,Nnqu9X+lU2lagW39QNhFWA
DA:92,1,1kYdq7Qusc4WEQR3Suh10A
DA:105,1,Nnqu9X+lU2lagW39QNhFWA
DA:106,1,PthjJ89Y9n0WhTIl1qH9EQ
DA:115,1,Nnqu9X+lU2lagW39QNhFWA
DA:116,1,kr1MKTl5z7aWkkfNAu7+nw
DA:126,1,Nnqu9X+lU2lagW39QNhFWA
DA:127,1,dAGFzXBxsvQ/rxAA4MtB7w
DA:131,1,mNWPAU6rqGTWksmEtFbBrQ
DA:133,1,Nnqu9X+lU2lagW39QNhFWA
DA:134,1,oJJfTv34BSxQJGA8h0D33g
DA:93,0,wt8DTknnzwi6/Xq31rAmkg
DA:94,0,jBGNQOclOup7RqKjWDw4ig
DA:102,0,M9+H72gKToNalnqglnuWpw
DA:103,0,cPa3dAsIk+eSRfSpgwNsyg
DA:107,0,wt8DTknnzwi6/Xq31rAmkg
DA:108,0,HJ0dAiXtN70Sxocxd1xXzg
DA:112,0,M9+H72gKToNalnqglnuWpw
DA:113,0,cPa3dAsIk+eSRfSpgwNsyg
DA:117,0,wt8DTknnzwi6/Xq31rAmkg
DA:119,0,oljRYlfGDODUjfSraGqQgw
DA:123,0,M9+H72gKToNalnqglnuWpw
DA:124,0,cPa3dAsIk+eSRfSpgwNsyg
DA:128,0,0y6VLpzNYbteByDcReSbNA
DA:135,0,dVSHqqUoPaFRI+iq6mm3pw
LF:82
LH:68
end_of_record
TN:
SF:app\repositories\models.py
DA:1,1,WpEjgxacqgxANZhpobgHYQ
DA:3,1,JRbPiivgJPqok20arkLacA
DA:6,1,aMX+jmW1MuIQosFnbZYwRg
DA:7,1,nkWPPEGHm+Ci/0FC8ogzwA
DA:8,1,tYljyGBhdV7rj3GsKy/ciA
DA:9,1,P9krkpw1lsgol3riIqup9g
DA:10,1,SRiNwWp20AAfqzjD4PBdZA
DA:11,1,KSiu5vJ3VyGBKxJgGEC4FQ
DA:12,1,TKhRNxT8Cj2k3pMCLzSBpA
DA:13,1,UDYZCOB1a2Q5Pjxj9o8Zgg
DA:14,1,wdBovXwuvEQg6R2GrOYEzw
DA:15,1,IhJ/t71sWRUgz3PvJvFYzg
DA:16,1,MzkVqRg7VjrZ7ZspfAvwKQ
DA:18,1,N1WdS/964SDLQqV5nGvu+g
DA:22,1,/Ykg2xsH9XYtHUdcFgt9Kw
DA:23,1,nkWPPEGHm+Ci/0FC8ogzwA
DA:24,1,8xeTawOJTvrIP1LdT32Iig
DA:25,1,mvujYyLsr5LsKUGu49FmFA
DA:27,1,N1WdS/964SDLQqV5nGvu+g
DA:31,1,CsFMqHVVWG2gnclVgZ7/Rg
DA:32,1,nkWPPEGHm+Ci/0FC8ogzwA
DA:33,1,8xeTawOJTvrIP1LdT32Iig
DA:34,1,mvujYyLsr5LsKUGu49FmFA
DA:37,1,8EalLgB2giSnZeajRzvr+Q
DA:38,1,nkWPPEGHm+Ci/0FC8ogzwA
DA:39,1,8xeTawOJTvrIP1LdT32Iig
DA:40,1,mvujYyLsr5LsKUGu49FmFA
DA:43,1,zz73CvNkzDoJB8CoA2nm6Q
DA:44,1,nkWPPEGHm+Ci/0FC8ogzwA
DA:45,1,4lyr3LCEdyWX8WyaycLzOQ
DA:46,1,N5ud9Qw+e09omocknOiSIg
DA:47,1,xZIy01VpyUTsudQWiRpYVQ
DA:48,1,cYtHbl3Qdxs4FUawrYXHYw
DA:49,1,odUwtDbnNquxHaGUHqUF4g
DA:50,1,q8aFViT14+LJB0RBn/p5fg
DA:51,1,bYCiv9rNV69wye+soiZ/Ow
DA:19,0,VUWHlM7LY+rOWytOxQxvpA
DA:28,0,VUWHlM7LY+rOWytOxQxvpA
LF:38
LH:36
end_of_record
TN:
SF:app\repositories\serializers.py
DA:1,1,C4WR+UhVvsEWJZPwwcqNrA
DA:2,1,LSTo73RMxR4WmJ99pjAuuw
DA:6,1,+4T2mdnvlXC53i9BNb4raQ
DA:8,1,HB4yIO1iyljTY8/arbQakg
DA:9,1,I92BzBOJcHR4fnFLuHxNEw
DA:10,1,/h68Wp+lqtcyUoIvCyiZZw
DA:11,1,LqQa9yuzSIX/7JGWNha6gQ
DA:14,1,WjGqE0c3nSD/AqNdmoBfQg
DA:16,1,HB4yIO1iyljTY8/arbQakg
DA:17,1,QzgRn1Xi6OBHATvpMsTpYA
DA:18,1,/h68Wp+lqtcyUoIvCyiZZw
DA:19,1,LqQa9yuzSIX/7JGWNha6gQ
DA:22,1,YZQoEceei0NMuPktEcSgcA
DA:24,1,HB4yIO1iyljTY8/arbQakg
DA:25,1,vAGyJXAGfhA1FzshKPoZtg
DA:26,1,/h68Wp+lqtcyUoIvCyiZZw
DA:27,1,LqQa9yuzSIX/7JGWNha6gQ
DA:30,1,t7mn6b5nHCNxc9mA3AEX6Q
DA:32,1,UI1fBisYMRPQPRjlvMatxw
DA:33,1,4/QL0jqJQFYnJ+LKvr8g7w
DA:35,1,HB4yIO1iyljTY8/arbQakg
DA:36,1,mAVY1QdOuFQSseT6GTOfiQ
DA:37,1,/h68Wp+lqtcyUoIvCyiZZw
DA:38,1,Dp8LuQjOE914zCG2kiS60g
DA:46,1,IoU53UZtDNmXLqW7CCG7iQ
DA:47,1,E5a+R/ZV0Nu5NzG2bXmDrg
DA:48,1,Tr6oxWJR58DmQKbSvdILaA
DA:50,1,HB4yIO1iyljTY8/arbQakg
DA:51,1,lAHtdvNIJlUvdn+NXofY2g
DA:52,1,/h68Wp+lqtcyUoIvCyiZZw
DA:53,1,Dp8LuQjOE914zCG2kiS60g
LF:31
LH:31
end_of_record
TN:
SF:app\services\__init__.py
DA:1,1,29tybDjHI8YNFGhm3AkVbg
DA:2,1,abNEBES1JujNhwweE+jrQQ
DA:3,1,9RqGmgfXF7T7osPXWcYLYA
DA:4,1,4VD2NXIc6TwqIKBh2ZD3Eg
DA:5,1,3Edc15alYKPhC86a0cHh4Q
DA:6,1,I+RWyZaUUP8oRSe5EY5d1A
LF:6
LH:6
end_of_record
TN:
SF:app\services\base_service.py
DA:1,1,lSMRvEOIBNB960EQw+bMHQ
DA:2,1,2mt9mBv4thcXa4PLlisAZA
DA:5,1,Nro+KBZWVrsbycJgMs9vaw
DA:6,1,pS70IwWn7tr18YYOvr9YFw
DA:7,1,+TJKa8reQENEBceMUIgGrg
DA:9,1,rh6gsvaCIimz5Crzini/3Q
DA:10,1,F4mycTL8owJ/0+VtT9CZMw
DA:11,1,Ep688fS7yMsfyYDQaM+Fcg
DA:12,1,Pq1xcuIEPwL57ZGksK4vew
DA:13,1,e8vYW/f5Tzc2DRVsC+IpwA
DA:15,1,TIFXrbd434QrObHqUImyqQ
DA:16,1,DYLOmfDC10/m9pKlzzoVZA
DA:17,1,Ep688fS7yMsfyYDQaM+Fcg
DA:18,1,Pq1xcuIEPwL57ZGksK4vew
DA:19,1,e8vYW/f5Tzc2DRVsC+IpwA
DA:21,1,y4G6tKtsN9CnB1Fr8Dfogw
DA:22,1,k88CYLq+LkGb8/+5kdrT4g
DA:23,1,Ep688fS7yMsfyYDQaM+Fcg
DA:24,1,N1GmbBVBHeR8gG/aTmyxRQ
DA:25,1,e8vYW/f5Tzc2DRVsC+IpwA
DA:27,1,De8wqXkiczHFfSWcRDfY4A
DA:28,1,nqYrlv2NMWKg+E2fXdpxoQ
DA:29,1,Ep688fS7yMsfyYDQaM+Fcg
DA:30,1,N1GmbBVBHeR8gG/aTmyxRQ
DA:31,1,e8vYW/f5Tzc2DRVsC+IpwA
LF:25
LH:25
end_of_record
TN:
SF:app\services\beverage.py
DA:1,1,gvOeMVnBaciVUa9ZAUkbYQ
DA:2,1,cEb41Y4kyOQw+1HCs0kKZw
DA:3,1,hhTtxXtpWROQhLWK0iSGaQ
DA:4,1,neUeJ76FVnKgoHqc0thxaQ
DA:7,1,agtxhNZ0YbPMUg/jFfhKrQ
DA:8,1,tmdQd5X2EjQbAscdvY8b+g
DA:11,1,/op8uwxWB7c457jG5xURwg
DA:12,1,FlXseL6SfTB9RdWY8W79hA
DA:13,1,gcCgqWgyP5jtpo16bcsxJQ
DA:16,1,n/VegoVxIikreWjvAimcuQ
DA:17,1,jncKtETPkntfOBb34vBdLA
DA:18,1,6ewDb7+FTJUCli97G8VxOg
DA:21,1,eFb3EWabWg4CcIn1CPD6/A
DA:22,1,4n7odeKJqcYkcublqSGlbw
DA:23,1,yBJIsQMhqVogVpLiBpRH5g
DA:26,1,k2wZpftFr81kfsCIaQVJbA
DA:27,1,DlGaFU5yHE4cdZ4sDfToKA
DA:28,1,fwVcyAGbEpoL9uLBFRlZxQ
LF:18
LH:18
end_of_record
TN:
SF:app\services\index.py
DA:1,1,kZm91FdtCU6WdnxR4astkg
DA:2,1,eq+y+3mX1ZQf03Kt3F0heQ
DA:4,1,8FN7mZQmh/wahUTKRld3hg
DA:5,1,MKPI3eYOgNHp2hIti8v8Kg
DA:7,1,kIY13/YdHGYFqntc8L/cEA
DA:10,1,84TlJglYJ5wm1aiB4F9vOA
DA:11,1,/RGWOutfrBA19Nk1k03Dew
DA:18,1,EPOe3aAUQHe4BYXj4C/eDg
DA:19,1,U7ZDdrHrhOq/DFxPwTEV1w
DA:12,0,/DsSTIE+2MBaqvhf9znobg
DA:13,0,2M83lpNHyqy1sLNS7wqVaA
DA:20,0,B/Fo9U4/nMeRNS1JjGZVyQ
DA:21,0,0DxeTOpZNlX64MP5tK/0Eg
DA:22,0,eZu+MurfYGa/BN59u+Xfjg
DA:23,0,d/SlMFWS+iGrueIB5oeE4g
DA:24,0,Tj2OmzmL+KWKNvnWriVSzA
LF:16
LH:9
end_of_record
TN:
SF:app\services\ingredient.py
DA:1,1,gvOeMVnBaciVUa9ZAUkbYQ
DA:2,1,cEb41Y4kyOQw+1HCs0kKZw
DA:3,1,hhTtxXtpWROQhLWK0iSGaQ
DA:4,1,K5cF8SVq86UqjUwwGnRZtA
DA:6,1,zxh+sjBmJTJeDvyLu73kSg
DA:7,1,0YyRnoP6+uQdkm2JIqVw/Q
DA:10,1,bbhxtpyHkZM8motZb3Njrw
DA:11,1,3+zs2u8tgB6BjNXwrSlfDw
DA:12,1,U4/5O3sUiqHm+dbfKeHOgQ
DA:15,1,fzJxf6v/WS64MahQLLhR/g
DA:16,1,ItRROqwD8veS42yS/hxYig
DA:17,1,Al22wm83f5XJp20YDJ1xyg
DA:20,1,+ASCbX4Mtphy0ER1y/Zv8g
DA:21,1,gitoo3vLTtQCagKEORbUEA
DA:22,1,5s5+wY/ECTPDgGxDQJg3qQ
DA:25,1,nqDvIsbTw+qYdTvKPNN7Lg
DA:26,1,/dzl50Tp7wOnJVtq/jgCjg
DA:27,1,8yEMcO1twNioSv+TkX5AAw
LF:18
LH:18
end_of_record
TN:
SF:app\services\order.py
DA:1,1,kZm91FdtCU6WdnxR4astkg
DA:2,1,Yv2a5MTTQUKqeqv9DfFwHA
DA:3,1,hhTtxXtpWROQhLWK0iSGaQ
DA:4,1,j/BNiVeCvH7d2Iq8/Uhfew
DA:6,1,+DQAxkPnICTghhh3Xi1MEQ
DA:7,1,dsN6hCKj9PUxF5M2ZDcIMA
DA:10,1,+29pjWuLlWclLPS5M4xZGg
DA:11,1,dvhJMtPd9ghbKpsvk4lCzg
DA:15,1,GNnFTuIH9EREskGZBwMs0g
DA:16,1,nv5QyPZ14HbfEZ4NC/xsyw
DA:20,1,MoRoBidGdatkqRKS3sJoYw
DA:21,1,RTaTOp8FK4RcIlVGIeXOlA
DA:12,0,t5C5e4t9PbyE7lHfxaKGrg
DA:17,0,KI7O174K4aCmhcIfo9GFNA
DA:22,0,ICDqTzJ7jf1M/zK4guCcsA
DA:23,0,5jSKDzByb1BZWE7W2NVsIg
DA:24,0,zRZCFzLXWOm8+JrTObCrSQ
DA:25,0,IY34mmaKjLcIi2Gz1S48ZA
LF:18
LH:12
end_of_record
TN:
SF:app\services\report.py
DA:2,1,WpEjgxacqgxANZhpobgHYQ
DA:3,1,kZm91FdtCU6WdnxR4astkg
DA:4,1,eq+y+3mX1ZQf03Kt3F0heQ
DA:5,1,qRZLuYvvPdvAyUAvRVK1ig
DA:6,1,Q7Lnc27RjTgzxtFIED1MUg
DA:8,1,wBaYigeSTcw1Bpth3rKMBA
DA:11,1,CjznDXBMNl4bhEgqww3Hhg
DA:12,1,1DkIcTEhP/IY4RZ+KO7nCw
DA:25,1,5afXxDxaTxplz1opJmLCDQ
DA:26,1,e1osPHwa2WGEsESFgmrRTQ
DA:31,1,Ta062dlLh8+m/7qBoAT0hg
DA:32,1,BFhrZjac6d05BDJ3K1f87g
DA:38,1,f73ec+A7K76re7r+ViVV7g
DA:13,0,dZmYR+V+FMTxNjqeLipRNA
DA:14,0,VqimGpg39AqEuq57CQ/5HA
DA:15,0,aJO9ppfI1y5YC4H4A6VDtA
DA:16,0,5jSKDzByb1BZWE7W2NVsIg
DA:17,0,zRZCFzLXWOm8+JrTObCrSQ
DA:18,0,p3t7gVIj1uYRhq8v+0ZJ+Q
DA:19,0,J8kyZYpDobSnlU27fRV1ow
DA:20,0,MebifK41zvI4VgpJSohzZQ
DA:21,0,OzrQRV0SGdEBY3bc84qFSA
DA:22,0,IY34mmaKjLcIi2Gz1S48ZA
DA:27,0,3yq3lnLFyZ2Qf88XVKFiMA
DA:28,0,icLKEgWJiZXirH54JMHBxg
DA:33,0,XJVC8ugIllv3/FskLc2PPQ
DA:34,0,8dFdQd1CAxLxc9KhmPAyiA
DA:35,0,YUuFLBU/RCzJ+YK79AROog
DA:39,0,PFTEdHyyi6qGYk51p5Bbuw
DA:40,0,5MMwaFD0vQweOHDGJO3klA
DA:41,0,Szpiiq5iNsjVT0jnQ7kGmg
LF:31
LH:13
end_of_record
TN:
SF:app\services\size.py
DA:1,1,gvOeMVnBaciVUa9ZAUkbYQ
DA:2,1,cEb41Y4kyOQw+1HCs0kKZw
DA:4,1,hhTtxXtpWROQhLWK0iSGaQ
DA:6,1,iCuEN46tOWFbUBYWRdRZ9w
DA:8,1,ikW3zygPp/nW7teN+OOVLQ
DA:9,1,wnlZfKgnUVMRi1SpjBBTLw
DA:12,1,R4K55xpdM+5LlwBrBissqg
DA:13,1,07nHpI0MW/ZZp5gIXf7iGw
DA:14,1,IiRwJ+wvrY2fAkeVWuaOaA
DA:17,1,gcSwe+ryv13fG3j1D5hLXg
DA:18,1,g7HwpAiff7ibAOC8UwLxAw
DA:19,1,MrgNyIiLUd+f6KZC9ijLtQ
DA:22,1,2FRm+pChYJlPIVh1WjFrjw
DA:23,1,4sbqUJeFy8rlv56DIJdyyA
DA:24,1,NWlMM1Bjt6+i9Roc14Q4QQ
DA:27,1,iGo2lrejw+/bdfsje2Y5mg
DA:28,1,0viPl3lWVGUNjEbKvtds8g
DA:29,1,T1pUG1+5AUiGSajB/uaUqQ
LF:18
LH:18
end_of_record
TN:
SF:app\settings.py
DA:1,1,7Z9Lj4ed27Wf2hBX6jooEA
DA:4,1,JVOhjN+qN3oeyrxpzDMVYQ
DA:7,1,W1vzqS5yEbTtOfddYP2dfg
DA:8,1,MkqcpjE4+Xc+7ynIF51DKg
DA:9,1,+vpTTrGfftU44Znm516hYQ
DA:10,1,e0hqx0KF3pvoUc64EshLnQ
LF:6
LH:6
end_of_record
TN:
SF:app\test\__init__.py
DA:1,1,1B2M2Y8AsgTpgAmY7PhCfg
LF:0
LH:1
end_of_record
TN:
SF:app\test\conftest.py
DA:1,1,7Z9Lj4ed27Wf2hBX6jooEA
DA:2,1,5hwPtyw5fWMOX90GeC1WXw
DA:4,1,6EqVyswJtxIE+9LVqyxOlA
DA:5,1,+bIeaU565UrFkrktpIbJZw
DA:6,1,iorbH+DVlnCrMNFIbnICXA
DA:9,1,BtZP1ZQI580tvlmxS4BWHQ
DA:11,1,4X8fw796fiv+4zPusCHCQw
DA:12,1,JBReny5zw7RRx40ERh6taQ
DA:13,1,KavLwUAAfXVvUZwYL/A2Nw
DA:14,1,njABqGuxBM+52ToCt96UWQ
DA:17,1,p6Q/E/CLMfR4OjZ1ngyn3g
DA:18,1,myzwCXxbuhGpy/4cbELUXQ
DA:20,1,GbkvcUHnTGjWiH5Nz0l77A
DA:22,1,kMo63jS8DXfENzj9geviow
DA:23,1,MpeQbd5EPu1jOyj8fjTUWg
DA:24,1,qgUjPSK7uiVI9rpJ53toRw
DA:25,1,lUfISBCsOU2vrfvpdt4/og
DA:27,1,Qj/xBfoJhmom7XxKgtPdYw
DA:28,1,GH+wmb6szgu8ZfXjDVd8JQ
DA:29,1,vZm6aksvmIIath459LkChQ
DA:30,1,7vYy5OLnmV9ecGTTBnkvyw
DA:31,1,YVD6R76rpZvPtR9M3qjQtA
DA:33,1,1IxEg3paplXol9eIlpU2Qw
DA:35,1,Ex5ISkQ6IE+YxOrMY6MQLg
DA:37,1,Kkd8gpC9DXbTV6ji8WdkoA
DA:38,1,FRDzeApI13VjmkIrSSESXg
DA:39,1,//BRGPYjgx0tWkzIYZYXjA
DA:40,1,1/3dtaLsWOjP7HJlZ5UCWg
DA:43,1,94X4nhA7Pe/OFJ+DxO73Mg
DA:44,1,9s6g2LIVEvaZzlwuHPRevw
DA:45,1,YjgFOihdEi893BcbSqF/PQ
LF:31
LH:31
end_of_record
TN:
SF:app\test\controllers\__init__.py
DA:1,1,1B2M2Y8AsgTpgAmY7PhCfg
LF:0
LH:1
end_of_record
TN:
SF:app\test\controllers\test_beverage.py
DA:1,1,6EqVyswJtxIE+9LVqyxOlA
DA:2,1,oTJyqPOntL2x7Yua01Zpew
DA:6,1,S7cmtmm+9hVhq3X2ZKIPiQ
DA:7,1,iwMYyyjpihTiqejSE/TuSw
DA:8,1,tI48YrZQilQPNOhGZBC4/A
DA:9,1,/e1emj0VuZ7oOUifZpGkOQ
DA:10,1,ekmlKScd1fB1EofFpG3SqA
DA:11,1,RRnySVLeLPPW1w2a24UUEg
DA:12,1,W+Ukbsc51+iuThxREcD/tA
DA:15,1,HMHOcO/YNWkC96/f6QsmoQ
DA:16,1,nYtMaEpUq1lCRMjD6fomgw
DA:17,1,13JFZ/mLVXM6uClwYG4bmQ
DA:21,1,f4HlX3OkZTgWnV5NEti2Ug
DA:25,1,tI48YrZQilQPNOhGZBC4/A
DA:26,1,VhUY0oMIm25wzvVEwjAcoA
DA:27,1,tI48YrZQilQPNOhGZBC4/A
DA:28,1,V2xPiK2MbELmoxFgKNZMGg
DA:29,1,9mx0ueTlAefZ11/Db1rl9Q
DA:30,1,NfL+Ymsjop+ela7qcnO0hg
DA:33,1,UZBAKaDS6I9YLdKUqHpnVQ
DA:34,1,nYtMaEpUq1lCRMjD6fomgw
DA:35,1,z+9t2yEvdYTvsSVO9/MSFA
DA:36,1,tI48YrZQilQPNOhGZBC4/A
DA:37,1,7e1LgENb4QLrEfBPwoyrgA
DA:38,1,KJjeBxGS65TIoLYmUk5dXA
DA:41,1,dGr6XyHhZR7lBwsik2wgAA
DA:42,1,rdci09WQI/PHq10VA8gxXA
DA:43,1,x74d2DEJ412xZv51urfJXg
DA:44,1,BtV20cb/5m6nDfnNS2iS5A
DA:45,1,yAKaIIXzQnGTBLWydVvSOQ
DA:47,1,YuQkoz5paejxEZc72bMBkg
DA:48,1,MhLjOrirjLAG3bY5L2C5LA
DA:49,1,tI48YrZQilQPNOhGZBC4/A
DA:50,1,ECORwEelexCasW1KKFzniQ
DA:51,1,upTb/BrLonJ3VCDgYYabCQ
DA:52,1,wGqQSziVAe7dNz2omFaRmg
DA:53,1,fHMeSu95JxYWdGv54v5LjQ
DA:54,1,5cKVuQscmjySDnfXjMlzMg
LF:38
LH:38
end_of_record
TN:
SF:app\test\controllers\test_ingredient.py
DA:1,1,6EqVyswJtxIE+9LVqyxOlA
DA:2,1,Ef8yH0/1oXPKmKkJFkKHIg
DA:6,1,V0N2bgZf+3H7agKfhn+6bA
DA:7,1,TivecDKKOdmOY5WlMkH+TQ
DA:8,1,tI48YrZQilQPNOhGZBC4/A
DA:9,1,pOvrd4eZUT8t/MWXy4omPw
DA:10,1,k4+CglCGfuAEp40U7di2Ow
DA:11,1,Zom5thG2kvdhbdVsKe9XZQ
DA:12,1,QlCCgcuOfkq+zAR5saOpow
DA:15,1,2syrf1pG6kkjT/p9XqEnKQ
DA:16,1,CyBmthavetiAs7VC7qjcKQ
DA:17,1,13JFZ/mLVXM6uClwYG4bmQ
DA:21,1,1RZACqdmkDn44qIvp2ovEg
DA:25,1,tI48YrZQilQPNOhGZBC4/A
DA:26,1,Tlyae/osW9b4p8XTKTuKNQ
DA:27,1,tI48YrZQilQPNOhGZBC4/A
DA:28,1,V2xPiK2MbELmoxFgKNZMGg
DA:29,1,Vt8x9TQcpRbzFSzjYg2Ptg
DA:30,1,0THnJzk1UDrincUt/czT1w
DA:33,1,a3VivxegPvxUSNIEELXwJQ
DA:34,1,CyBmthavetiAs7VC7qjcKQ
DA:35,1,8y4VOdwnpMysbVU5gfa6/w
DA:36,1,tI48YrZQilQPNOhGZBC4/A
DA:37,1,d8nRsoyDgyr3w5U22KpgxQ
DA:38,1,sm+35MhUOP+uYycO7CgcBg
DA:41,1,HRPzcg2U9iYXedzCKldCcw
DA:42,1,Lbd8gd2+EN1rYlKa/U2vVA
DA:43,1,8CHhlz/2Glh4pl+AHcWn0g
DA:44,1,72uNthMuTyX/K3n569x7fw
DA:45,1,LJDcu6dFfl753aCUxVgFCQ
DA:47,1,IERgfVnycagDogQigQHESA
DA:48,1,vRRqduFegOwAWAb5rzQCng
DA:51,1,tI48YrZQilQPNOhGZBC4/A
DA:52,1,DoDRHX1VRpiMC3qRS6GHyA
DA:53,1,v5uV8p5BDWZ13/oWVrmVGg
DA:54,1,4U3gRhe/CIL6JI5x4pAz8w
DA:55,1,Sqm23IJBn6yd6465p9L7aA
DA:56,1,VBzvAp5YWOt22xwcGHYfTA
LF:38
LH:38
end_of_record
TN:
SF:app\test\controllers\test_order.py
DA:1,1,6EqVyswJtxIE+9LVqyxOlA
DA:2,1,Wvt1dCD4m0U6/0pfFs9E6g
DA:4,1,lR9O6sjVuEykqsRJGGvqtw
DA:5,1,6NTTBW5A0P70K33dLlon5w
DA:8,1,vkSxkA+Iz3koQS7w2m3n/w
DA:9,1,4A3eFScM1HNdijoUyWl5tg
DA:10,1,RNUmkOTUK20AT7qPlQtxQA
DA:11,1,dDpI1xnYM7U9EkV5ygfLLg
DA:18,1,AXT6GcZ1plrImq8UehVhHQ
DA:19,1,iTHnKm7dVeMzZmkeCuJXmA
DA:20,1,jUVeC561tvZpJB6PdpfsMw
DA:21,1,iKSx0YYJNzxtLMPWKA4Eng
DA:22,1,IzskDaH7tNskRJEyERlR+w
DA:23,1,GMRRn0mlZiRQMkfRc2dQhw
DA:26,1,2gvur+NWAAN9K+kYqrXOiw
DA:27,1,JmHozowduQVP+VQFAMBdPQ
DA:28,1,2TXkKiriHxTS7UFuXIi0bA
DA:29,1,Lo9ifYVGM22WrpbPVDb6cg
DA:33,1,xRTXdYwZr8NLq/OpsgLJMw
DA:34,1,++GPQdYrVYv2LAp/gd6hCA
DA:35,1,qMln3+VPyO9DmLm1G0m0jg
DA:36,1,M1An/OGAM2LCzounDSxF+w
DA:37,1,pZmdjRQ4q+JaxpUWBkXHdQ
DA:38,1,bKzjLhebH0FgLq8Jq+laCA
DA:39,1,tI48YrZQilQPNOhGZBC4/A
DA:40,1,Cnd9NALCVPtDZppDaL4zlg
DA:41,1,fN+b9GxBpeDFFGnsipN1Fg
DA:42,1,6JRCKbuvJXtKP0cGrg/a4g
DA:43,1,Nup1ftswQa1PRQZ4LLi1zg
DA:44,1,+KbS0LbNIPRSTSoUD+ZtHw
DA:46,1,Iha2HL92TESR+BHks0OgUA
DA:47,1,WuOv+mZ5Zf4UuZ4A/1MJKw
DA:50,1,NCFPlYDz+qVv4mwfuT5riQ
DA:51,1,++GPQdYrVYv2LAp/gd6hCA
DA:52,1,qMln3+VPyO9DmLm1G0m0jg
DA:53,1,XMyMWfMcfSX+7ONUAP48kg
DA:55,1,8+JVyYVIAvmBxu8t5uuhtg
DA:58,1,UlPts/cevBS7LFZWgzoJKA
DA:61,1,w641CTO9KYdl++I0G3BEgA
DA:62,1,++GPQdYrVYv2LAp/gd6hCA
DA:63,1,qMln3+VPyO9DmLm1G0m0jg
DA:64,1,XMyMWfMcfSX+7ONUAP48kg
DA:65,1,TsZadZqfjb0S8fPqf4PT7g
DA:66,1,pZmdjRQ4q+JaxpUWBkXHdQ
DA:67,1,bKzjLhebH0FgLq8Jq+laCA
DA:68,1,tI48YrZQilQPNOhGZBC4/A
DA:69,1,yEdsLyg6x47MLKvX0wXkEw
DA:70,1,yKKITxxXzhNTWPD/vePZfA
DA:71,1,+KbS0LbNIPRSTSoUD+ZtHw
DA:73,1,Iha2HL92TESR+BHks0OgUA
DA:74,1,WuOv+mZ5Zf4UuZ4A/1MJKw
DA:77,1,xCOdszjB4AgRy4aAjXz48Q
DA:78,1,tEC05u9QSNitpo96as0jLw
DA:79,1,Uu/PoISFfimKuIHLSqKhCw
DA:80,1,MyxG366aq3kTYnEugf4gsw
DA:81,1,6Pk+iGT9+FT/sy6nc2hhpQ
DA:86,1,ahy6pLSqvBZbA7wk9AWIqg
DA:87,1,QyyqrSPyvnRBOHmIGz8Wcw
DA:89,1,+OL1A10L4X57GUIHDb/8yQ
DA:90,1,PxihsXrsTCDKP9azJWXXKw
DA:91,1,tI48YrZQilQPNOhGZBC4/A
DA:92,1,rkqkrpMnvMRiWulsAuj7iA
DA:93,1,QhOTHXSa5nC4OcbLReDtWQ
DA:94,1,Xydw0epikScSQiGD9qx8mQ
DA:95,1,upN5C8y5fM7Al4O9+sOBgA
DA:96,1,eAnK7a+cPJKhCapg8XayEA
LF:66
LH:66
end_of_record
TN:
SF:app\test\controllers\test_size.py
DA:1,1,6EqVyswJtxIE+9LVqyxOlA
DA:2,1,O95ckFOivKlviAswMzpiPA
DA:6,1,GH+mWMLoUC3pKV6f2OWw/A
DA:7,1,Tw+1mfHqQuukKq0b2BUiAw
DA:8,1,tI48YrZQilQPNOhGZBC4/A
DA:9,1,BicQOGaOHqQd80oYHp9slg
DA:10,1,+Up1fYFwUkdlq5W1eUV+8g
DA:11,1,k03SjsfS9FilP87wsjsNhA
DA:12,1,L0DZzXUMxJtsKetmBmURxw
DA:15,1,6YmE25TPU7w5gtIjO0Cn0A
DA:16,1,ThWECymDxDuLRegmrcKyEA
DA:17,1,13JFZ/mLVXM6uClwYG4bmQ
DA:21,1,5wU+xE+r4ulFxnkF6HTvYA
DA:25,1,tI48YrZQilQPNOhGZBC4/A
DA:26,1,V2xPiK2MbELmoxFgKNZMGg
DA:27,1,n9UpXyaAkTcd8KkSugtASA
DA:30,1,n0tSjgi9OAYMf/sqeFueKQ
DA:31,1,ThWECymDxDuLRegmrcKyEA
DA:32,1,x8F9r5XQ0/5Bav175SFX4g
DA:33,1,tI48YrZQilQPNOhGZBC4/A
DA:34,1,Nri25a13WubpZcIWeZBICA
DA:35,1,x1OjyDrD0eU4dHXG7LdDyg
DA:38,1,TjhTbBUB/Ol+VXUxVEO1Lw
DA:39,1,jed5kIs3gREFCLHCMr8YWw
DA:40,1,3tSLZyz2w7fbg9nvm2/5xA
DA:41,1,3jF5Cpe2PLLUcdQNZNsM4w
DA:42,1,SKHlIsYGshmjMqhUlqh6Sw
DA:44,1,kmvDEvl7A3uU6knzy38Fcw
DA:45,1,v6YPYmVgSlcYoCnZgNMFTw
DA:46,1,tI48YrZQilQPNOhGZBC4/A
DA:47,1,Y3IpFNcyqOFr7rOvEZ0XGw
DA:48,1,TmVGZ7X0ITPVS+V/x+zjlQ
DA:49,1,3S/24rafaZbL+vtDR10T/g
DA:50,1,ZBZGZIMn4ZVgumA4EOjMfw
DA:51,1,ueWshB6MzjFIgxhegVDahA
LF:35
LH:35
end_of_record
TN:
SF:app\test\fixtures\__init__.py
DA:1,1,1B2M2Y8AsgTpgAmY7PhCfg
LF:0
LH:1
end_of_record
TN:
SF:app\test\fixtures\beverage.py
DA:1,1,6EqVyswJtxIE+9LVqyxOlA
DA:3,1,BWmGMwjkwFA4atxiR8rLBQ
DA:6,1,BycQ02uI2N/WblgzWa25PQ
DA:7,1,dDpI1xnYM7U9EkV5ygfLLg
DA:13,1,M5G1quNG3dBjXqJsEekBRw
DA:14,1,eg474GrLLYVbjBkPcSAuHA
DA:15,1,YOC2g5cUiqi9WyleL3S5oQ
DA:18,1,94X4nhA7Pe/OFJ+DxO73Mg
DA:19,1,X4Q/ijCfLTC0wpvssRYKmQ
DA:20,1,OhyUkLR4eGLFAOlmIJXVyw
DA:23,1,94X4nhA7Pe/OFJ+DxO73Mg
DA:24,1,iOgQtUaDp4NRlkd/F8A00A
DA:25,1,xL38McfEffi6/ooftO4Nug
DA:28,1,94X4nhA7Pe/OFJ+DxO73Mg
DA:29,1,B95StmyTK5DWp3ddniM69g
DA:30,1,A+zePoYSQ3MedoYHvGJRdw
DA:31,1,J1CXhXB2U5l2x3kIX39sNA
DA:34,1,94X4nhA7Pe/OFJ+DxO73Mg
DA:35,1,NaKziB4372CUSP+xydp45A
DA:36,1,+DyF6Y2z+XGqn7wHJ0xZjg
LF:20
LH:20
end_of_record
TN:
SF:app\test\fixtures\ingredient.py
DA:1,1,6EqVyswJtxIE+9LVqyxOlA
DA:3,1,BWmGMwjkwFA4atxiR8rLBQ
DA:6,1,jb/n12TLNKgrAhL6Y6thtg
DA:7,1,dDpI1xnYM7U9EkV5ygfLLg
DA:13,1,t2paECfRl2qjtbhyIytEHA
DA:14,1,Jp4Y4YgKbmHaVLwZaloVfw
DA:15,1,59pKIjzybHEN4tCKWpS+ZA
DA:18,1,94X4nhA7Pe/OFJ+DxO73Mg
DA:19,1,Io7ltXnsCQrdqMj+zL5T/w
DA:20,1,WVlYxGLL+ewDSs02uMv4lg
DA:23,1,94X4nhA7Pe/OFJ+DxO73Mg
DA:24,1,Y90yoEx3KZxMceOHgVSfGg
DA:25,1,xAHaDlDADMOi8cmx0CVxQg
DA:28,1,94X4nhA7Pe/OFJ+DxO73Mg
DA:29,1,vkTVon9seDZ2slo1p7WuWA
DA:30,1,VEj9HqL7Ztq9bRvES7lfGA
DA:31,1,J1CXhXB2U5l2x3kIX39sNA
DA:34,1,94X4nhA7Pe/OFJ+DxO73Mg
DA:35,1,oZJmj8BQEQtdKsqBAAgbnA
DA:36,1,+DyF6Y2z+XGqn7wHJ0xZjg
LF:20
LH:20
end_of_record
TN:
SF:app\test\fixtures\order.py
DA:1,1,6EqVyswJtxIE+9LVqyxOlA
DA:3,1,O+z3CeBjCgG8AGSRTPKFaA
DA:7,1,NUJvcw68leRSgML3Dsw93A
DA:8,1,dDpI1xnYM7U9EkV5ygfLLg
DA:16,1,NkiYy75UVPp71VfXs+1xJg
DA:17,1,MTbIt558SukrwVkQfXftWw
DA:21,1,BTNuTdbydiNZeA/ymq5OSw
DA:22,1,yF/LxDgDvOS7bpW4dnRMyA
DA:23,1,k22KGsxQ1kn/KVzM/7RCEA
DA:26,1,94X4nhA7Pe/OFJ+DxO73Mg
DA:27,1,CXHdSW2Sr+dvCIxBUqIzjA
DA:37,1,94X4nhA7Pe/OFJ+DxO73Mg
DA:38,1,ljSM98aEQcfaFaQRn4vZFg
DA:18,0,1ezgMribeTfIeSJKC37ghQ
DA:28,0,/MdiRAQDKn5xOtN9IQlnyg
DA:29,0,J2HUW4rQBhWYAlqrfzNbGA
DA:30,0,dDpI1xnYM7U9EkV5ygfLLg
DA:39,0,/MdiRAQDKn5xOtN9IQlnyg
DA:40,0,Yg77Tx0aNkq1A1Ziu6vGng
DA:41,0,c4TAMfVS4G1JhooFYtLeSg
DA:42,0,QeDJNmgZjHR3+m3rVbgeVw
DA:43,0,poDH+/kUSRU9I/M1MrIVMA
DA:48,0,QXSoKtfnllmHgqra0NccnA
DA:49,0,YyPx2nOxOXLWmXV0MPLNBA
LF:24
LH:13
end_of_record
TN:
SF:app\test\fixtures\size.py
DA:1,1,6EqVyswJtxIE+9LVqyxOlA
DA:3,1,BWmGMwjkwFA4atxiR8rLBQ
DA:6,1,8KJg/TW02YIuRREc0Z8LZQ
DA:7,1,dDpI1xnYM7U9EkV5ygfLLg
DA:13,1,gaX5a41D554ZcTL+7WLSDg
DA:14,1,Y9hKrEDAtTvMBatbJ5vdxA
DA:15,1,657L9YOXcBuoEeu02fKD4A
DA:18,1,94X4nhA7Pe/OFJ+DxO73Mg
DA:19,1,HtmyGmaMZKgDKUPr4UsWnQ
DA:20,1,R44UWdxaio/HVOjFFburmQ
DA:23,1,94X4nhA7Pe/OFJ+DxO73Mg
DA:24,1,IUzIu0omRdUzYy6KBQitdw
DA:25,1,FCubHm+f/a1yEl6JsYogCw
DA:28,1,94X4nhA7Pe/OFJ+DxO73Mg
DA:29,1,npPTcnPFdv9saUDVG4eXOg
DA:30,1,54u89H/PRprw/KPlnIQUiA
DA:31,1,J1CXhXB2U5l2x3kIX39sNA
DA:34,1,94X4nhA7Pe/OFJ+DxO73Mg
DA:35,1,dgV/ReNP5ldrxix/kzZGCA
DA:36,1,+DyF6Y2z+XGqn7wHJ0xZjg
LF:20
LH:20
end_of_record
TN:
SF:app\test\services\__init__.py
DA:1,1,1B2M2Y8AsgTpgAmY7PhCfg
LF:0
LH:1
end_of_record
TN:
SF:app\test\services\test_beverage.py
DA:1,1,6EqVyswJtxIE+9LVqyxOlA
DA:3,1,Fl3Uxa9+DVOztbhO2BQn4Q
DA:6,1,mR03p9+p9VIL5I3BGL8q6Q
DA:7,1,s5fh6GHOp/goXtaQiV5+fA
DA:8,1,ePO9i0/nrRapDvHgSn5yww
DA:9,1,e/NUb2IK1iVZ3+Y72zKQ2A
DA:10,1,mf579rXC0LTJ4huFDkXF/A
DA:11,1,5BuASlmFrWsguF/OdFn3yQ
DA:14,1,lkoCXIh/0/Wsitt6H1gm+A
DA:15,1,GEpB/AxODY6dejn3mlwcXQ
DA:16,1,cSVDL74Hm6l9wc9BDGNQpQ
DA:17,1,tq7gazy0k9gus0sX9VZPIw
DA:18,1,jxql3lD1bXm36/2axp0E5Q
DA:19,1,Ea0kTTP6WDmxAd74TlpWDA
DA:20,1,AQYYx2jbrvtPJUiXecvrUA
DA:21,1,9mx0ueTlAefZ11/Db1rl9Q
DA:24,1,CsFOSSUEOUUBSEmxyuWrBA
DA:25,1,GEpB/AxODY6dejn3mlwcXQ
DA:26,1,5wXAwhKVpM0sphmonIeZ9Q
DA:27,1,jxql3lD1bXm36/2axp0E5Q
DA:28,1,XgUfCB1IFktwJeutKqVxqA
DA:29,1,WJS+9fgHjJL2jhbpBEv7ag
DA:30,1,nLgny35kvFHD7MhzifENDg
DA:33,1,SKMGoSKLcQ1CITcJRNZiuQ
DA:34,1,plZeKLVt/ktBgoZ/YxDAqg
DA:35,1,jxql3lD1bXm36/2axp0E5Q
DA:36,1,ceQjVfuIgOe39uuZXYmSrQ
DA:37,1,gFlw0KA9Xq7IYq2FyzwolA
DA:38,1,by0LFWhAhG+a0A7NazQazw
LF:29
LH:29
end_of_record
TN:
SF:app\test\services\test_ingredient.py
DA:1,1,6EqVyswJtxIE+9LVqyxOlA
DA:3,1,Fl3Uxa9+DVOztbhO2BQn4Q
DA:6,1,gQQzGpOg5G2n0znWD/cnsg
DA:7,1,45M8MmqqdKr2aebaXrlWIQ
DA:8,1,joICrRgiZfKKcDTrMkny6w
DA:9,1,JmqNw76a56kvCIOD/+CNqQ
DA:10,1,eS9oovSdu0PH+b6ZUeho/A
DA:11,1,Xv0B/+zJ/IMOV8Vkq30Hpg
DA:14,1,81we8+WzJFxKRTwEPQr5cA
DA:15,1,unUTKNgnm7NvYrYr2I969w
DA:16,1,RLX5Z+YBJkSYYSh7o8W+Xw
DA:19,1,Gc0vKQ4RVhhiNz61dE44uQ
DA:20,1,jxql3lD1bXm36/2axp0E5Q
DA:21,1,g4+hh7vZGvytXQarYW0D3A
DA:22,1,AQYYx2jbrvtPJUiXecvrUA
DA:23,1,Vt8x9TQcpRbzFSzjYg2Ptg
DA:26,1,gMnsHBCFHYpixuXrz2wQZg
DA:27,1,unUTKNgnm7NvYrYr2I969w
DA:28,1,ncwg9baX3PrQ9+vGGzaK5g
DA:29,1,jxql3lD1bXm36/2axp0E5Q
DA:30,1,Gavwj+qKJ+7Xp/1JxxdSbA
DA:31,1,pOUYvP3EzwaHenCR8sCGTA
DA:32,1,q+G72kkkRN+AEf34fKP10Q
DA:35,1,j3l302fAiABo/Y+XtyQ3Fw
DA:36,1,ieLV7FLmT/tV5W1FgQuz6w
DA:37,1,jxql3lD1bXm36/2axp0E5Q
DA:38,1,cQI6Hmm+K4CrwJNZQhjP4Q
DA:39,1,7iIFn4kowrAsSji8ahV4jw
DA:40,1,PsXZE6CSGT+eS/Q1pqxKiQ
LF:29
LH:29
end_of_record
TN:
SF:app\test\services\test_size.py
DA:1,1,6EqVyswJtxIE+9LVqyxOlA
DA:3,1,Fl3Uxa9+DVOztbhO2BQn4Q
DA:6,1,H7V1l/sUZo2cH+GQlv4Ugg
DA:7,1,ueGO+AEleWlYEtOCzh4CXw
DA:8,1,3nO7P1LX6x9fc4mQGdICHA
DA:9,1,yoSFUehW7bZFfjoa1I1HTQ
DA:10,1,lBTd8MKdFQI0xoUF52QFVA
DA:11,1,+IYe6QkUDWA9/12A5e6Smg
DA:14,1,L5nv1xsD9FcQNCb0FrshVQ
DA:15,1,zWu5NrFnePSX/R1jsKeuCQ
DA:16,1,t/8PVIu9BbVFoPhRP84Wcg
DA:17,1,ki4WoSt8SZAXlOD96QqAjw
DA:18,1,jxql3lD1bXm36/2axp0E5Q
DA:19,1,OryPuD6SijQysfYT2xldkQ
DA:20,1,AQYYx2jbrvtPJUiXecvrUA
DA:21,1,n9UpXyaAkTcd8KkSugtASA
DA:24,1,xpnxsVbXVRqnqhB7r0AR8w
DA:25,1,zWu5NrFnePSX/R1jsKeuCQ
DA:26,1,yqT5ARrREAYuBM7mIMcgJQ
DA:27,1,jxql3lD1bXm36/2axp0E5Q
DA:28,1,QsmaMp42OrM847lf8rd50w
DA:29,1,kxCR0QwZreXRYcujcgNqww
DA:30,1,9p6z8ekxzKz8+SMZFoiO4Q
DA:33,1,NnrgDvtHbty/20viShVaxQ
DA:34,1,DVF+iDm1olq+aIeU/sP1JA
DA:35,1,jxql3lD1bXm36/2axp0E5Q
DA:36,1,SN1cZ3KuM1/8wZmErFTgwA
DA:37,1,GIjri4xVyZSdmJBWkRY4eg
DA:38,1,AhQqOkfbzSI6mj0E+5oUPQ
LF:29
LH:29
end_of_record
TN:
SF:app\test\utils\functions.py
DA:1,1,AwpGUILSjGu34WAr6c5fRA
DA:2,1,CzkRu6HMc+tByN18vGgyag
DA:3,1,pj17/LYj7+SgP7JoaeusMw
DA:6,1,xZcktLDas3PN7niu78Xicg
DA:7,1,LssZ72W1+YXM0iN4q+Fw9A
DA:8,1,neIp5Mvd+Ho9B7LCyfFZdA
DA:9,1,dxsE9WD2I/DiDi+iuG4ZVw
DA:12,1,kR5vJ6h8guFq9RADjAu2xQ
DA:13,1,BtBoJJNc5pN1i7IexnAq5Q
DA:16,1,mN86fRIuhf2Ke+Xuf+wONQ
DA:17,1,UNYePdYOC8cWAjEzs2B7FA
DA:20,1,mmSBYQO4xJLe2q4oKCVY6g
DA:21,1,VzHqch91ukOPO6HRBxPocw
DA:22,1,jniKrPmkl8CPdW83bflH2g
DA:23,1,DisT2QYE0V/aNAij7JXLZQ
DA:26,1,R25Hd/40DpoqS5c1+HXpRQ
DA:30,1,ADtlfa24EpxAB8oJiFT9rA
DA:31,1,5d9yBrPrcHmAp5y/lziFHQ
DA:32,1,r10SOvrW3KdgvxIwr4nPkA
DA:33,1,Tat5d7WUi03ugUuHPPl6Uw
DA:36,1,RTSlvJOlf58SIR5xwpX69A
DA:27,0,XM7olIOF/CgabBVWDAz8Jg
DA:37,0,tdEbk+Wg89BJpJFwXU0cug
LF:23
LH:21
end_of_record
